[2026-01-29 20:08:48,567] INFO sentence_transformers.SentenceTransformer: Use pytorch device_name: cpu
[2026-01-29 20:08:48,568] INFO sentence_transformers.SentenceTransformer: Load pretrained SentenceTransformer: all-MiniLM-L6-v2
[2026-01-29 20:08:48,608] DEBUG httpcore.connection: connect_tcp.started host='huggingface.co' port=443 local_address=None timeout=10 socket_options=None
[2026-01-29 20:08:48,625] DEBUG httpcore.connection: connect_tcp.complete return_value=<httpcore._backends.sync.SyncStream object at 0x12f995280>
[2026-01-29 20:08:48,625] DEBUG httpcore.connection: start_tls.started ssl_context=<ssl.SSLContext object at 0x12f99c6d0> server_hostname='huggingface.co' timeout=10
[2026-01-29 20:08:48,649] DEBUG httpcore.connection: start_tls.complete return_value=<httpcore._backends.sync.SyncStream object at 0x12e7c8200>
[2026-01-29 20:08:48,649] DEBUG httpcore.http11: send_request_headers.started request=<Request [b'HEAD']>
[2026-01-29 20:08:48,649] DEBUG httpcore.http11: send_request_headers.complete
[2026-01-29 20:08:48,649] DEBUG httpcore.http11: send_request_body.started request=<Request [b'HEAD']>
[2026-01-29 20:08:48,649] DEBUG httpcore.http11: send_request_body.complete
[2026-01-29 20:08:48,649] DEBUG httpcore.http11: receive_response_headers.started request=<Request [b'HEAD']>
[2026-01-29 20:08:48,861] DEBUG httpcore.http11: receive_response_headers.complete return_value=(b'HTTP/1.1', 307, b'Temporary Redirect', [(b'Content-Type', b'text/plain; charset=utf-8'), (b'Content-Length', b'282'), (b'Connection', b'keep-alive'), (b'Date', b'Thu, 29 Jan 2026 14:38:48 GMT'), (b'Location', b'/api/resolve-cache/models/sentence-transformers/all-MiniLM-L6-v2/c9745ed1d9f207416be6d2e6f8de32d1f16199bf/modules.json?%2Fsentence-transformers%2Fall-MiniLM-L6-v2%2Fresolve%2Fmain%2Fmodules.json=&etag=%22952a9b81c0bfd99800fabf352f69c7ccd46c5e43%22'), (b'X-Powered-By', b'huggingface-moon'), (b'X-Request-Id', b'Root=1-697b70f8-7c03bc0b1e81cf930ba13016;78a179ff-a246-4872-a7fa-577779b60c40'), (b'RateLimit', b'"resolvers";r=2999;t=179'), (b'RateLimit-Policy', b'"fixed window";"resolvers";q=3000;w=300'), (b'cross-origin-opener-policy', b'same-origin'), (b'Referrer-Policy', b'strict-origin-when-cross-origin'), (b'Access-Control-Max-Age', b'86400'), (b'Access-Control-Allow-Origin', b'https://huggingface.co'), (b'Vary', b'Origin, Accept'), (b'Access-Control-Expose-Headers', b'X-Repo-Commit,X-Request-Id,X-Error-Code,X-Error-Message,X-Total-Count,ETag,Link,Accept-Ranges,Content-Range,X-Linked-Size,X-Linked-ETag,X-Xet-Hash'), (b'X-Repo-Commit', b'c9745ed1d9f207416be6d2e6f8de32d1f16199bf'), (b'Accept-Ranges', b'bytes'), (b'X-Hub-Cache', b'HIT'), (b'Content-Disposition', b'inline; filename*=UTF-8\'\'modules.json; filename="modules.json";'), (b'Content-Security-Policy', b"default-src 'none'; sandbox"), (b'X-Linked-ETag', b'"952a9b81c0bfd99800fabf352f69c7ccd46c5e43"'), (b'X-Cache', b'Miss from cloudfront'), (b'Via', b'1.1 5ecd55f028d3424418cf823c48f98656.cloudfront.net (CloudFront)'), (b'X-Amz-Cf-Pop', b'BOM78-P10'), (b'X-Amz-Cf-Id', b'0pRECyCEHRTkhfFI2WFvlNJ2hnGY3uMsoYKfToBsVgNMRAgwzCea3w==')])
[2026-01-29 20:08:48,862] INFO httpx: HTTP Request: HEAD https://huggingface.co/sentence-transformers/all-MiniLM-L6-v2/resolve/main/modules.json "HTTP/1.1 307 Temporary Redirect"
[2026-01-29 20:08:48,863] DEBUG httpcore.http11: receive_response_body.started request=<Request [b'HEAD']>
[2026-01-29 20:08:48,863] DEBUG httpcore.http11: receive_response_body.complete
[2026-01-29 20:08:48,863] DEBUG httpcore.http11: response_closed.started
[2026-01-29 20:08:48,863] DEBUG httpcore.http11: response_closed.complete
[2026-01-29 20:08:48,864] DEBUG httpcore.http11: send_request_headers.started request=<Request [b'HEAD']>
[2026-01-29 20:08:48,864] DEBUG httpcore.http11: send_request_headers.complete
[2026-01-29 20:08:48,864] DEBUG httpcore.http11: send_request_body.started request=<Request [b'HEAD']>
[2026-01-29 20:08:48,864] DEBUG httpcore.http11: send_request_body.complete
[2026-01-29 20:08:48,864] DEBUG httpcore.http11: receive_response_headers.started request=<Request [b'HEAD']>
[2026-01-29 20:08:48,873] DEBUG httpcore.http11: receive_response_headers.complete return_value=(b'HTTP/1.1', 200, b'OK', [(b'Content-Type', b'text/plain; charset=utf-8'), (b'Content-Length', b'349'), (b'Connection', b'keep-alive'), (b'Date', b'Thu, 25 Dec 2025 17:02:05 GMT'), (b'ETag', b'"952a9b81c0bfd99800fabf352f69c7ccd46c5e43"'), (b'X-Powered-By', b'huggingface-moon'), (b'X-Request-Id', b'Root=1-694d6e0d-44ce9d310e8d78a2028e9630;1a24d065-bdfb-4100-b2ba-5d7e7f153534'), (b'RateLimit', b'"resolvers";r=2998;t=283'), (b'RateLimit-Policy', b'"fixed window";"resolvers";q=3000;w=300'), (b'cross-origin-opener-policy', b'same-origin'), (b'Referrer-Policy', b'strict-origin-when-cross-origin'), (b'Access-Control-Max-Age', b'86400'), (b'Access-Control-Allow-Origin', b'https://huggingface.co'), (b'Access-Control-Expose-Headers', b'X-Repo-Commit,X-Request-Id,X-Error-Code,X-Error-Message,X-Total-Count,ETag,Link,Accept-Ranges,Content-Range,X-Linked-Size,X-Linked-ETag,X-Xet-Hash'), (b'X-Repo-Commit', b'c9745ed1d9f207416be6d2e6f8de32d1f16199bf'), (b'Accept-Ranges', b'bytes'), (b'X-Hub-Cache', b'MISS'), (b'Content-Disposition', b'inline; filename*=UTF-8\'\'modules.json; filename="modules.json";'), (b'Content-Security-Policy', b"default-src 'none'; sandbox"), (b'Vary', b'Origin'), (b'X-Cache', b'Hit from cloudfront'), (b'Via', b'1.1 5ecd55f028d3424418cf823c48f98656.cloudfront.net (CloudFront)'), (b'X-Amz-Cf-Pop', b'BOM78-P10'), (b'X-Amz-Cf-Id', b'SRZWMlVRo-yfoNoAEQLnGBFMUAKfGZFacN71JZP_s4WBKuZSwGAuSg=='), (b'Age', b'3015403')])
[2026-01-29 20:08:48,873] INFO httpx: HTTP Request: HEAD https://huggingface.co/api/resolve-cache/models/sentence-transformers/all-MiniLM-L6-v2/c9745ed1d9f207416be6d2e6f8de32d1f16199bf/modules.json "HTTP/1.1 200 OK"
[2026-01-29 20:08:48,874] DEBUG httpcore.http11: receive_response_body.started request=<Request [b'HEAD']>
[2026-01-29 20:08:48,874] DEBUG httpcore.http11: receive_response_body.complete
[2026-01-29 20:08:48,874] DEBUG httpcore.http11: response_closed.started
[2026-01-29 20:08:48,874] DEBUG httpcore.http11: response_closed.complete
[2026-01-29 20:08:48,877] DEBUG httpcore.http11: send_request_headers.started request=<Request [b'HEAD']>
[2026-01-29 20:08:48,878] DEBUG httpcore.http11: send_request_headers.complete
[2026-01-29 20:08:48,878] DEBUG httpcore.http11: send_request_body.started request=<Request [b'HEAD']>
[2026-01-29 20:08:48,878] DEBUG httpcore.http11: send_request_body.complete
[2026-01-29 20:08:48,878] DEBUG httpcore.http11: receive_response_headers.started request=<Request [b'HEAD']>
[2026-01-29 20:08:49,080] DEBUG httpcore.http11: receive_response_headers.complete return_value=(b'HTTP/1.1', 307, b'Temporary Redirect', [(b'Content-Type', b'text/plain; charset=utf-8'), (b'Content-Length', b'324'), (b'Connection', b'keep-alive'), (b'Date', b'Thu, 29 Jan 2026 14:38:49 GMT'), (b'Location', b'/api/resolve-cache/models/sentence-transformers/all-MiniLM-L6-v2/c9745ed1d9f207416be6d2e6f8de32d1f16199bf/config_sentence_transformers.json?%2Fsentence-transformers%2Fall-MiniLM-L6-v2%2Fresolve%2Fmain%2Fconfig_sentence_transformers.json=&etag=%22fd1b291129c607e5d49799f87cb219b27f98acdf%22'), (b'X-Powered-By', b'huggingface-moon'), (b'X-Request-Id', b'Root=1-697b70f9-49c75e271495ff8f2b5fe76e;b246b29a-9aa7-43ba-8adb-d0f1ae9fe07a'), (b'RateLimit', b'"resolvers";r=2998;t=178'), (b'RateLimit-Policy', b'"fixed window";"resolvers";q=3000;w=300'), (b'cross-origin-opener-policy', b'same-origin'), (b'Referrer-Policy', b'strict-origin-when-cross-origin'), (b'Access-Control-Max-Age', b'86400'), (b'Access-Control-Allow-Origin', b'https://huggingface.co'), (b'Vary', b'Origin, Accept'), (b'Access-Control-Expose-Headers', b'X-Repo-Commit,X-Request-Id,X-Error-Code,X-Error-Message,X-Total-Count,ETag,Link,Accept-Ranges,Content-Range,X-Linked-Size,X-Linked-ETag,X-Xet-Hash'), (b'X-Repo-Commit', b'c9745ed1d9f207416be6d2e6f8de32d1f16199bf'), (b'Accept-Ranges', b'bytes'), (b'X-Hub-Cache', b'HIT'), (b'Content-Disposition', b'inline; filename*=UTF-8\'\'config_sentence_transformers.json; filename="config_sentence_transformers.json";'), (b'Content-Security-Policy', b"default-src 'none'; sandbox"), (b'X-Linked-ETag', b'"fd1b291129c607e5d49799f87cb219b27f98acdf"'), (b'X-Cache', b'Miss from cloudfront'), (b'Via', b'1.1 5ecd55f028d3424418cf823c48f98656.cloudfront.net (CloudFront)'), (b'X-Amz-Cf-Pop', b'BOM78-P10'), (b'X-Amz-Cf-Id', b'ZvH_H7k2c6qTra776Ffuqe2vjgvw0O9ld9szOWxYsW4GvA4hkM5THQ==')])
[2026-01-29 20:08:49,081] INFO httpx: HTTP Request: HEAD https://huggingface.co/sentence-transformers/all-MiniLM-L6-v2/resolve/main/config_sentence_transformers.json "HTTP/1.1 307 Temporary Redirect"
[2026-01-29 20:08:49,081] DEBUG httpcore.http11: receive_response_body.started request=<Request [b'HEAD']>
[2026-01-29 20:08:49,082] DEBUG httpcore.http11: receive_response_body.complete
[2026-01-29 20:08:49,082] DEBUG httpcore.http11: response_closed.started
[2026-01-29 20:08:49,082] DEBUG httpcore.http11: response_closed.complete
[2026-01-29 20:08:49,083] DEBUG httpcore.http11: send_request_headers.started request=<Request [b'HEAD']>
[2026-01-29 20:08:49,083] DEBUG httpcore.http11: send_request_headers.complete
[2026-01-29 20:08:49,084] DEBUG httpcore.http11: send_request_body.started request=<Request [b'HEAD']>
[2026-01-29 20:08:49,084] DEBUG httpcore.http11: send_request_body.complete
[2026-01-29 20:08:49,084] DEBUG httpcore.http11: receive_response_headers.started request=<Request [b'HEAD']>
[2026-01-29 20:08:49,093] DEBUG httpcore.http11: receive_response_headers.complete return_value=(b'HTTP/1.1', 200, b'OK', [(b'Content-Type', b'text/plain; charset=utf-8'), (b'Content-Length', b'116'), (b'Connection', b'keep-alive'), (b'Date', b'Mon, 05 Jan 2026 22:06:25 GMT'), (b'ETag', b'"fd1b291129c607e5d49799f87cb219b27f98acdf"'), (b'X-Powered-By', b'huggingface-moon'), (b'X-Request-Id', b'Root=1-695c35e1-671cd3521e8b6108400255d5;015cd065-f532-4229-86ed-80453c552d18'), (b'RateLimit', b'"resolvers";r=929;t=163'), (b'RateLimit-Policy', b'"fixed window";"resolvers";q=3000;w=300'), (b'cross-origin-opener-policy', b'same-origin'), (b'Referrer-Policy', b'strict-origin-when-cross-origin'), (b'Access-Control-Max-Age', b'86400'), (b'Access-Control-Allow-Origin', b'https://huggingface.co'), (b'Access-Control-Expose-Headers', b'X-Repo-Commit,X-Request-Id,X-Error-Code,X-Error-Message,X-Total-Count,ETag,Link,Accept-Ranges,Content-Range,X-Linked-Size,X-Linked-ETag,X-Xet-Hash'), (b'X-Repo-Commit', b'c9745ed1d9f207416be6d2e6f8de32d1f16199bf'), (b'Accept-Ranges', b'bytes'), (b'Content-Disposition', b'inline; filename*=UTF-8\'\'config_sentence_transformers.json; filename="config_sentence_transformers.json";'), (b'Content-Security-Policy', b"default-src 'none'; sandbox"), (b'Vary', b'Origin'), (b'X-Cache', b'Hit from cloudfront'), (b'Via', b'1.1 5ecd55f028d3424418cf823c48f98656.cloudfront.net (CloudFront)'), (b'X-Amz-Cf-Pop', b'BOM78-P10'), (b'X-Amz-Cf-Id', b'bfpA_mCtiJMfImvKXcgr-1dP4zUiCyvA8Pmd9TMRsIzacFtVPeGthw=='), (b'Age', b'2046744')])
[2026-01-29 20:08:49,095] INFO httpx: HTTP Request: HEAD https://huggingface.co/api/resolve-cache/models/sentence-transformers/all-MiniLM-L6-v2/c9745ed1d9f207416be6d2e6f8de32d1f16199bf/config_sentence_transformers.json "HTTP/1.1 200 OK"
[2026-01-29 20:08:49,095] DEBUG httpcore.http11: receive_response_body.started request=<Request [b'HEAD']>
[2026-01-29 20:08:49,095] DEBUG httpcore.http11: receive_response_body.complete
[2026-01-29 20:08:49,095] DEBUG httpcore.http11: response_closed.started
[2026-01-29 20:08:49,096] DEBUG httpcore.http11: response_closed.complete
[2026-01-29 20:08:49,098] DEBUG httpcore.http11: send_request_headers.started request=<Request [b'HEAD']>
[2026-01-29 20:08:49,099] DEBUG httpcore.http11: send_request_headers.complete
[2026-01-29 20:08:49,099] DEBUG httpcore.http11: send_request_body.started request=<Request [b'HEAD']>
[2026-01-29 20:08:49,099] DEBUG httpcore.http11: send_request_body.complete
[2026-01-29 20:08:49,099] DEBUG httpcore.http11: receive_response_headers.started request=<Request [b'HEAD']>
[2026-01-29 20:08:49,316] DEBUG httpcore.http11: receive_response_headers.complete return_value=(b'HTTP/1.1', 307, b'Temporary Redirect', [(b'Content-Type', b'text/plain; charset=utf-8'), (b'Content-Length', b'324'), (b'Connection', b'keep-alive'), (b'Date', b'Thu, 29 Jan 2026 14:38:49 GMT'), (b'Location', b'/api/resolve-cache/models/sentence-transformers/all-MiniLM-L6-v2/c9745ed1d9f207416be6d2e6f8de32d1f16199bf/config_sentence_transformers.json?%2Fsentence-transformers%2Fall-MiniLM-L6-v2%2Fresolve%2Fmain%2Fconfig_sentence_transformers.json=&etag=%22fd1b291129c607e5d49799f87cb219b27f98acdf%22'), (b'X-Powered-By', b'huggingface-moon'), (b'X-Request-Id', b'Root=1-697b70f9-32239a622a3583272eafea91;cdf856c1-abcf-40eb-b59f-8943ffaf3fce'), (b'RateLimit', b'"resolvers";r=2997;t=178'), (b'RateLimit-Policy', b'"fixed window";"resolvers";q=3000;w=300'), (b'cross-origin-opener-policy', b'same-origin'), (b'Referrer-Policy', b'strict-origin-when-cross-origin'), (b'Access-Control-Max-Age', b'86400'), (b'Access-Control-Allow-Origin', b'https://huggingface.co'), (b'Vary', b'Origin, Accept'), (b'Access-Control-Expose-Headers', b'X-Repo-Commit,X-Request-Id,X-Error-Code,X-Error-Message,X-Total-Count,ETag,Link,Accept-Ranges,Content-Range,X-Linked-Size,X-Linked-ETag,X-Xet-Hash'), (b'X-Repo-Commit', b'c9745ed1d9f207416be6d2e6f8de32d1f16199bf'), (b'Accept-Ranges', b'bytes'), (b'X-HF-Warning', b'unauthenticated; Warning: You are sending unauthenticated requests to the HF Hub. Please set a HF_TOKEN to enable higher rate limits and faster downloads.'), (b'X-Hub-Cache', b'HIT'), (b'Content-Disposition', b'inline; filename*=UTF-8\'\'config_sentence_transformers.json; filename="config_sentence_transformers.json";'), (b'Content-Security-Policy', b"default-src 'none'; sandbox"), (b'X-Linked-ETag', b'"fd1b291129c607e5d49799f87cb219b27f98acdf"'), (b'X-Cache', b'Miss from cloudfront'), (b'Via', b'1.1 5ecd55f028d3424418cf823c48f98656.cloudfront.net (CloudFront)'), (b'X-Amz-Cf-Pop', b'BOM78-P10'), (b'X-Amz-Cf-Id', b'0wX7JhO8DvvQXMupb0c2UFxbxkzN29RqJ4l2G-Fp1F9m0eU8GErgKQ==')])
[2026-01-29 20:08:49,316] INFO httpx: HTTP Request: HEAD https://huggingface.co/sentence-transformers/all-MiniLM-L6-v2/resolve/main/config_sentence_transformers.json "HTTP/1.1 307 Temporary Redirect"
[2026-01-29 20:08:49,317] DEBUG httpcore.http11: receive_response_body.started request=<Request [b'HEAD']>
[2026-01-29 20:08:49,317] DEBUG httpcore.http11: receive_response_body.complete
[2026-01-29 20:08:49,317] DEBUG httpcore.http11: response_closed.started
[2026-01-29 20:08:49,318] DEBUG httpcore.http11: response_closed.complete
[2026-01-29 20:08:49,318] WARNING huggingface_hub.utils._http: Warning: You are sending unauthenticated requests to the HF Hub. Please set a HF_TOKEN to enable higher rate limits and faster downloads.
[2026-01-29 20:08:49,318] DEBUG httpcore.http11: send_request_headers.started request=<Request [b'HEAD']>
[2026-01-29 20:08:49,319] DEBUG httpcore.http11: send_request_headers.complete
[2026-01-29 20:08:49,319] DEBUG httpcore.http11: send_request_body.started request=<Request [b'HEAD']>
[2026-01-29 20:08:49,319] DEBUG httpcore.http11: send_request_body.complete
[2026-01-29 20:08:49,319] DEBUG httpcore.http11: receive_response_headers.started request=<Request [b'HEAD']>
[2026-01-29 20:08:49,329] DEBUG httpcore.http11: receive_response_headers.complete return_value=(b'HTTP/1.1', 200, b'OK', [(b'Content-Type', b'text/plain; charset=utf-8'), (b'Content-Length', b'116'), (b'Connection', b'keep-alive'), (b'Date', b'Mon, 05 Jan 2026 22:06:25 GMT'), (b'ETag', b'"fd1b291129c607e5d49799f87cb219b27f98acdf"'), (b'X-Powered-By', b'huggingface-moon'), (b'X-Request-Id', b'Root=1-695c35e1-671cd3521e8b6108400255d5;015cd065-f532-4229-86ed-80453c552d18'), (b'RateLimit', b'"resolvers";r=929;t=163'), (b'RateLimit-Policy', b'"fixed window";"resolvers";q=3000;w=300'), (b'cross-origin-opener-policy', b'same-origin'), (b'Referrer-Policy', b'strict-origin-when-cross-origin'), (b'Access-Control-Max-Age', b'86400'), (b'Access-Control-Allow-Origin', b'https://huggingface.co'), (b'Access-Control-Expose-Headers', b'X-Repo-Commit,X-Request-Id,X-Error-Code,X-Error-Message,X-Total-Count,ETag,Link,Accept-Ranges,Content-Range,X-Linked-Size,X-Linked-ETag,X-Xet-Hash'), (b'X-Repo-Commit', b'c9745ed1d9f207416be6d2e6f8de32d1f16199bf'), (b'Accept-Ranges', b'bytes'), (b'Content-Disposition', b'inline; filename*=UTF-8\'\'config_sentence_transformers.json; filename="config_sentence_transformers.json";'), (b'Content-Security-Policy', b"default-src 'none'; sandbox"), (b'Vary', b'Origin'), (b'X-Cache', b'Hit from cloudfront'), (b'Via', b'1.1 5ecd55f028d3424418cf823c48f98656.cloudfront.net (CloudFront)'), (b'X-Amz-Cf-Pop', b'BOM78-P10'), (b'X-Amz-Cf-Id', b'H4k3_j3c3uPnmDDek83cmxvC58-Qx6E4bGk6M7Oz-JH1yWXop51EaQ=='), (b'Age', b'2046744')])
[2026-01-29 20:08:49,329] INFO httpx: HTTP Request: HEAD https://huggingface.co/api/resolve-cache/models/sentence-transformers/all-MiniLM-L6-v2/c9745ed1d9f207416be6d2e6f8de32d1f16199bf/config_sentence_transformers.json "HTTP/1.1 200 OK"
[2026-01-29 20:08:49,330] DEBUG httpcore.http11: receive_response_body.started request=<Request [b'HEAD']>
[2026-01-29 20:08:49,330] DEBUG httpcore.http11: receive_response_body.complete
[2026-01-29 20:08:49,330] DEBUG httpcore.http11: response_closed.started
[2026-01-29 20:08:49,330] DEBUG httpcore.http11: response_closed.complete
[2026-01-29 20:08:49,332] DEBUG httpcore.http11: send_request_headers.started request=<Request [b'HEAD']>
[2026-01-29 20:08:49,332] DEBUG httpcore.http11: send_request_headers.complete
[2026-01-29 20:08:49,332] DEBUG httpcore.http11: send_request_body.started request=<Request [b'HEAD']>
[2026-01-29 20:08:49,332] DEBUG httpcore.http11: send_request_body.complete
[2026-01-29 20:08:49,332] DEBUG httpcore.http11: receive_response_headers.started request=<Request [b'HEAD']>
[2026-01-29 20:08:49,537] DEBUG httpcore.http11: receive_response_headers.complete return_value=(b'HTTP/1.1', 307, b'Temporary Redirect', [(b'Content-Type', b'text/plain; charset=utf-8'), (b'Content-Length', b'276'), (b'Connection', b'keep-alive'), (b'Date', b'Thu, 29 Jan 2026 14:38:49 GMT'), (b'Location', b'/api/resolve-cache/models/sentence-transformers/all-MiniLM-L6-v2/c9745ed1d9f207416be6d2e6f8de32d1f16199bf/README.md?%2Fsentence-transformers%2Fall-MiniLM-L6-v2%2Fresolve%2Fmain%2FREADME.md=&etag=%2258d4a9a45664eb9e12de9549c548c09b6134c17f%22'), (b'X-Powered-By', b'huggingface-moon'), (b'X-Request-Id', b'Root=1-697b70f9-2579201e2471f14440857d3e;1d923f1b-3590-4de6-bf71-f5e76d374f41'), (b'RateLimit', b'"resolvers";r=2996;t=178'), (b'RateLimit-Policy', b'"fixed window";"resolvers";q=3000;w=300'), (b'cross-origin-opener-policy', b'same-origin'), (b'Referrer-Policy', b'strict-origin-when-cross-origin'), (b'Access-Control-Max-Age', b'86400'), (b'Access-Control-Allow-Origin', b'https://huggingface.co'), (b'Vary', b'Origin, Accept'), (b'Access-Control-Expose-Headers', b'X-Repo-Commit,X-Request-Id,X-Error-Code,X-Error-Message,X-Total-Count,ETag,Link,Accept-Ranges,Content-Range,X-Linked-Size,X-Linked-ETag,X-Xet-Hash'), (b'X-Repo-Commit', b'c9745ed1d9f207416be6d2e6f8de32d1f16199bf'), (b'Accept-Ranges', b'bytes'), (b'X-Hub-Cache', b'HIT'), (b'Content-Disposition', b'inline; filename*=UTF-8\'\'README.md; filename="README.md";'), (b'Content-Security-Policy', b"default-src 'none'; sandbox"), (b'X-Linked-ETag', b'"58d4a9a45664eb9e12de9549c548c09b6134c17f"'), (b'X-Cache', b'Miss from cloudfront'), (b'Via', b'1.1 5ecd55f028d3424418cf823c48f98656.cloudfront.net (CloudFront)'), (b'X-Amz-Cf-Pop', b'BOM78-P10'), (b'X-Amz-Cf-Id', b'Bo1Rj62Hf2gKG_T-uShioeF10hgtKtJ4vMq5zvcXpk1A7v_8DgwBdg==')])
[2026-01-29 20:08:49,537] INFO httpx: HTTP Request: HEAD https://huggingface.co/sentence-transformers/all-MiniLM-L6-v2/resolve/main/README.md "HTTP/1.1 307 Temporary Redirect"
[2026-01-29 20:08:49,538] DEBUG httpcore.http11: receive_response_body.started request=<Request [b'HEAD']>
[2026-01-29 20:08:49,538] DEBUG httpcore.http11: receive_response_body.complete
[2026-01-29 20:08:49,538] DEBUG httpcore.http11: response_closed.started
[2026-01-29 20:08:49,538] DEBUG httpcore.http11: response_closed.complete
[2026-01-29 20:08:49,539] DEBUG httpcore.http11: send_request_headers.started request=<Request [b'HEAD']>
[2026-01-29 20:08:49,539] DEBUG httpcore.http11: send_request_headers.complete
[2026-01-29 20:08:49,540] DEBUG httpcore.http11: send_request_body.started request=<Request [b'HEAD']>
[2026-01-29 20:08:49,540] DEBUG httpcore.http11: send_request_body.complete
[2026-01-29 20:08:49,540] DEBUG httpcore.http11: receive_response_headers.started request=<Request [b'HEAD']>
[2026-01-29 20:08:49,550] DEBUG httpcore.http11: receive_response_headers.complete return_value=(b'HTTP/1.1', 200, b'OK', [(b'Content-Type', b'text/plain; charset=utf-8'), (b'Content-Length', b'10454'), (b'Connection', b'keep-alive'), (b'Date', b'Sat, 03 Jan 2026 17:53:56 GMT'), (b'ETag', b'"58d4a9a45664eb9e12de9549c548c09b6134c17f"'), (b'X-Powered-By', b'huggingface-moon'), (b'X-Request-Id', b'Root=1-695957b4-189a75c32b8ae4de4de1560f;310aa9ba-81b4-49e9-92e7-b601360d38b0'), (b'RateLimit', b'"resolvers";r=2930;t=216'), (b'RateLimit-Policy', b'"fixed window";"resolvers";q=3000;w=300'), (b'cross-origin-opener-policy', b'same-origin'), (b'Referrer-Policy', b'strict-origin-when-cross-origin'), (b'Access-Control-Max-Age', b'86400'), (b'Access-Control-Allow-Origin', b'https://huggingface.co'), (b'Access-Control-Expose-Headers', b'X-Repo-Commit,X-Request-Id,X-Error-Code,X-Error-Message,X-Total-Count,ETag,Link,Accept-Ranges,Content-Range,X-Linked-Size,X-Linked-ETag,X-Xet-Hash'), (b'X-Repo-Commit', b'c9745ed1d9f207416be6d2e6f8de32d1f16199bf'), (b'Accept-Ranges', b'bytes'), (b'Content-Disposition', b'inline; filename*=UTF-8\'\'README.md; filename="README.md";'), (b'Content-Security-Policy', b"default-src 'none'; sandbox"), (b'Vary', b'Origin'), (b'X-Cache', b'Hit from cloudfront'), (b'Via', b'1.1 5ecd55f028d3424418cf823c48f98656.cloudfront.net (CloudFront)'), (b'X-Amz-Cf-Pop', b'BOM78-P10'), (b'X-Amz-Cf-Id', b'tNHWEubs9Lm1GWZTHJPSHD30DWIswbz9EN12Rm1GRzeTJzXMECiiWA=='), (b'Age', b'2234693')])
[2026-01-29 20:08:49,551] INFO httpx: HTTP Request: HEAD https://huggingface.co/api/resolve-cache/models/sentence-transformers/all-MiniLM-L6-v2/c9745ed1d9f207416be6d2e6f8de32d1f16199bf/README.md "HTTP/1.1 200 OK"
[2026-01-29 20:08:49,551] DEBUG httpcore.http11: receive_response_body.started request=<Request [b'HEAD']>
[2026-01-29 20:08:49,551] DEBUG httpcore.http11: receive_response_body.complete
[2026-01-29 20:08:49,551] DEBUG httpcore.http11: response_closed.started
[2026-01-29 20:08:49,551] DEBUG httpcore.http11: response_closed.complete
[2026-01-29 20:08:49,554] DEBUG httpcore.http11: send_request_headers.started request=<Request [b'HEAD']>
[2026-01-29 20:08:49,554] DEBUG httpcore.http11: send_request_headers.complete
[2026-01-29 20:08:49,554] DEBUG httpcore.http11: send_request_body.started request=<Request [b'HEAD']>
[2026-01-29 20:08:49,554] DEBUG httpcore.http11: send_request_body.complete
[2026-01-29 20:08:49,555] DEBUG httpcore.http11: receive_response_headers.started request=<Request [b'HEAD']>
[2026-01-29 20:08:49,764] DEBUG httpcore.http11: receive_response_headers.complete return_value=(b'HTTP/1.1', 307, b'Temporary Redirect', [(b'Content-Type', b'text/plain; charset=utf-8'), (b'Content-Length', b'282'), (b'Connection', b'keep-alive'), (b'Date', b'Thu, 29 Jan 2026 14:38:49 GMT'), (b'Location', b'/api/resolve-cache/models/sentence-transformers/all-MiniLM-L6-v2/c9745ed1d9f207416be6d2e6f8de32d1f16199bf/modules.json?%2Fsentence-transformers%2Fall-MiniLM-L6-v2%2Fresolve%2Fmain%2Fmodules.json=&etag=%22952a9b81c0bfd99800fabf352f69c7ccd46c5e43%22'), (b'X-Powered-By', b'huggingface-moon'), (b'X-Request-Id', b'Root=1-697b70f9-7f7baffd72eff70d4d27de5d;2f45402a-c0e3-450c-a6ce-0b8e9937aa68'), (b'RateLimit', b'"resolvers";r=2995;t=178'), (b'RateLimit-Policy', b'"fixed window";"resolvers";q=3000;w=300'), (b'cross-origin-opener-policy', b'same-origin'), (b'Referrer-Policy', b'strict-origin-when-cross-origin'), (b'Access-Control-Max-Age', b'86400'), (b'Access-Control-Allow-Origin', b'https://huggingface.co'), (b'Vary', b'Origin, Accept'), (b'Access-Control-Expose-Headers', b'X-Repo-Commit,X-Request-Id,X-Error-Code,X-Error-Message,X-Total-Count,ETag,Link,Accept-Ranges,Content-Range,X-Linked-Size,X-Linked-ETag,X-Xet-Hash'), (b'X-Repo-Commit', b'c9745ed1d9f207416be6d2e6f8de32d1f16199bf'), (b'Accept-Ranges', b'bytes'), (b'X-Hub-Cache', b'HIT'), (b'Content-Disposition', b'inline; filename*=UTF-8\'\'modules.json; filename="modules.json";'), (b'Content-Security-Policy', b"default-src 'none'; sandbox"), (b'X-Linked-ETag', b'"952a9b81c0bfd99800fabf352f69c7ccd46c5e43"'), (b'X-Cache', b'Miss from cloudfront'), (b'Via', b'1.1 5ecd55f028d3424418cf823c48f98656.cloudfront.net (CloudFront)'), (b'X-Amz-Cf-Pop', b'BOM78-P10'), (b'X-Amz-Cf-Id', b'GE9mAMsz88-zLOalx7YJgC9mxN74WBZEYuUdKSiE9LH7_fl8U9kQEw==')])
[2026-01-29 20:08:49,765] INFO httpx: HTTP Request: HEAD https://huggingface.co/sentence-transformers/all-MiniLM-L6-v2/resolve/main/modules.json "HTTP/1.1 307 Temporary Redirect"
[2026-01-29 20:08:49,765] DEBUG httpcore.http11: receive_response_body.started request=<Request [b'HEAD']>
[2026-01-29 20:08:49,766] DEBUG httpcore.http11: receive_response_body.complete
[2026-01-29 20:08:49,766] DEBUG httpcore.http11: response_closed.started
[2026-01-29 20:08:49,766] DEBUG httpcore.http11: response_closed.complete
[2026-01-29 20:08:49,767] DEBUG httpcore.http11: send_request_headers.started request=<Request [b'HEAD']>
[2026-01-29 20:08:49,767] DEBUG httpcore.http11: send_request_headers.complete
[2026-01-29 20:08:49,768] DEBUG httpcore.http11: send_request_body.started request=<Request [b'HEAD']>
[2026-01-29 20:08:49,768] DEBUG httpcore.http11: send_request_body.complete
[2026-01-29 20:08:49,768] DEBUG httpcore.http11: receive_response_headers.started request=<Request [b'HEAD']>
[2026-01-29 20:08:49,776] DEBUG httpcore.http11: receive_response_headers.complete return_value=(b'HTTP/1.1', 200, b'OK', [(b'Content-Type', b'text/plain; charset=utf-8'), (b'Content-Length', b'349'), (b'Connection', b'keep-alive'), (b'Date', b'Wed, 25 Jun 2025 12:44:05 GMT'), (b'ETag', b'"952a9b81c0bfd99800fabf352f69c7ccd46c5e43"'), (b'X-Powered-By', b'huggingface-moon'), (b'cross-origin-opener-policy', b'same-origin'), (b'Referrer-Policy', b'strict-origin-when-cross-origin'), (b'X-Request-Id', b'Root=1-685bef15-3a41c56b361ead6a272da73f;7aacc6df-fba0-4384-a475-015feea7167e'), (b'Access-Control-Allow-Origin', b'https://huggingface.co'), (b'Access-Control-Expose-Headers', b'X-Repo-Commit,X-Request-Id,X-Error-Code,X-Error-Message,X-Total-Count,ETag,Link,Accept-Ranges,Content-Range,X-Linked-Size,X-Linked-ETag,X-Xet-Hash'), (b'X-Repo-Commit', b'c9745ed1d9f207416be6d2e6f8de32d1f16199bf'), (b'Accept-Ranges', b'bytes'), (b'X-Hub-Cache', b'HIT'), (b'Content-Disposition', b'inline; filename*=UTF-8\'\'modules.json; filename="modules.json";'), (b'Content-Security-Policy', b"default-src 'none'; sandbox"), (b'Vary', b'Origin'), (b'X-Cache', b'Hit from cloudfront'), (b'Via', b'1.1 5ecd55f028d3424418cf823c48f98656.cloudfront.net (CloudFront)'), (b'X-Amz-Cf-Pop', b'BOM78-P10'), (b'X-Amz-Cf-Id', b'POabtH0xzvuZ7wfnNc9NcwO02_Ia2tCqdWF_JlHUFenIOpcQvCIrpA=='), (b'Age', b'18842084')])
[2026-01-29 20:08:49,776] INFO httpx: HTTP Request: HEAD https://huggingface.co/api/resolve-cache/models/sentence-transformers/all-MiniLM-L6-v2/c9745ed1d9f207416be6d2e6f8de32d1f16199bf/modules.json "HTTP/1.1 200 OK"
[2026-01-29 20:08:49,776] DEBUG httpcore.http11: receive_response_body.started request=<Request [b'HEAD']>
[2026-01-29 20:08:49,777] DEBUG httpcore.http11: receive_response_body.complete
[2026-01-29 20:08:49,777] DEBUG httpcore.http11: response_closed.started
[2026-01-29 20:08:49,777] DEBUG httpcore.http11: response_closed.complete
[2026-01-29 20:08:49,780] DEBUG httpcore.http11: send_request_headers.started request=<Request [b'HEAD']>
[2026-01-29 20:08:49,780] DEBUG httpcore.http11: send_request_headers.complete
[2026-01-29 20:08:49,780] DEBUG httpcore.http11: send_request_body.started request=<Request [b'HEAD']>
[2026-01-29 20:08:49,780] DEBUG httpcore.http11: send_request_body.complete
[2026-01-29 20:08:49,780] DEBUG httpcore.http11: receive_response_headers.started request=<Request [b'HEAD']>
[2026-01-29 20:08:49,993] DEBUG httpcore.http11: receive_response_headers.complete return_value=(b'HTTP/1.1', 307, b'Temporary Redirect', [(b'Content-Type', b'text/plain; charset=utf-8'), (b'Content-Length', b'308'), (b'Connection', b'keep-alive'), (b'Date', b'Thu, 29 Jan 2026 14:38:49 GMT'), (b'Location', b'/api/resolve-cache/models/sentence-transformers/all-MiniLM-L6-v2/c9745ed1d9f207416be6d2e6f8de32d1f16199bf/sentence_bert_config.json?%2Fsentence-transformers%2Fall-MiniLM-L6-v2%2Fresolve%2Fmain%2Fsentence_bert_config.json=&etag=%2259d594003bf59880a884c574bf88ef7555bb0202%22'), (b'X-Powered-By', b'huggingface-moon'), (b'X-Request-Id', b'Root=1-697b70f9-33ebc9a03c0d803772c99311;2cb6c874-3f49-40d7-bcf6-21274c7748fe'), (b'RateLimit', b'"resolvers";r=2994;t=178'), (b'RateLimit-Policy', b'"fixed window";"resolvers";q=3000;w=300'), (b'cross-origin-opener-policy', b'same-origin'), (b'Referrer-Policy', b'strict-origin-when-cross-origin'), (b'Access-Control-Max-Age', b'86400'), (b'Access-Control-Allow-Origin', b'https://huggingface.co'), (b'Vary', b'Origin, Accept'), (b'Access-Control-Expose-Headers', b'X-Repo-Commit,X-Request-Id,X-Error-Code,X-Error-Message,X-Total-Count,ETag,Link,Accept-Ranges,Content-Range,X-Linked-Size,X-Linked-ETag,X-Xet-Hash'), (b'X-Repo-Commit', b'c9745ed1d9f207416be6d2e6f8de32d1f16199bf'), (b'Accept-Ranges', b'bytes'), (b'X-Hub-Cache', b'HIT'), (b'Content-Disposition', b'inline; filename*=UTF-8\'\'sentence_bert_config.json; filename="sentence_bert_config.json";'), (b'Content-Security-Policy', b"default-src 'none'; sandbox"), (b'X-Linked-ETag', b'"59d594003bf59880a884c574bf88ef7555bb0202"'), (b'X-Cache', b'Miss from cloudfront'), (b'Via', b'1.1 5ecd55f028d3424418cf823c48f98656.cloudfront.net (CloudFront)'), (b'X-Amz-Cf-Pop', b'BOM78-P10'), (b'X-Amz-Cf-Id', b'NPLBp5IilZid1qBHRVcQrIgknV_ObU3aAPNEbgCujcGtoL8JITNXXg==')])
[2026-01-29 20:08:49,994] INFO httpx: HTTP Request: HEAD https://huggingface.co/sentence-transformers/all-MiniLM-L6-v2/resolve/main/sentence_bert_config.json "HTTP/1.1 307 Temporary Redirect"
[2026-01-29 20:08:49,995] DEBUG httpcore.http11: receive_response_body.started request=<Request [b'HEAD']>
[2026-01-29 20:08:49,995] DEBUG httpcore.http11: receive_response_body.complete
[2026-01-29 20:08:49,995] DEBUG httpcore.http11: response_closed.started
[2026-01-29 20:08:49,995] DEBUG httpcore.http11: response_closed.complete
[2026-01-29 20:08:49,996] DEBUG httpcore.http11: send_request_headers.started request=<Request [b'HEAD']>
[2026-01-29 20:08:49,997] DEBUG httpcore.http11: send_request_headers.complete
[2026-01-29 20:08:49,997] DEBUG httpcore.http11: send_request_body.started request=<Request [b'HEAD']>
[2026-01-29 20:08:49,997] DEBUG httpcore.http11: send_request_body.complete
[2026-01-29 20:08:49,997] DEBUG httpcore.http11: receive_response_headers.started request=<Request [b'HEAD']>
[2026-01-29 20:08:50,006] DEBUG httpcore.http11: receive_response_headers.complete return_value=(b'HTTP/1.1', 200, b'OK', [(b'Content-Type', b'text/plain; charset=utf-8'), (b'Content-Length', b'53'), (b'Connection', b'keep-alive'), (b'Date', b'Wed, 31 Dec 2025 12:11:14 GMT'), (b'ETag', b'"59d594003bf59880a884c574bf88ef7555bb0202"'), (b'X-Powered-By', b'huggingface-moon'), (b'X-Request-Id', b'Root=1-695512e2-5a4537a35ce30b6d60e9d9a5;7f398d0c-1fcc-4b36-8877-99d1385c6a17'), (b'RateLimit', b'"resolvers";r=2990;t=114'), (b'RateLimit-Policy', b'"fixed window";"resolvers";q=3000;w=300'), (b'cross-origin-opener-policy', b'same-origin'), (b'Referrer-Policy', b'strict-origin-when-cross-origin'), (b'Access-Control-Max-Age', b'86400'), (b'Access-Control-Allow-Origin', b'https://huggingface.co'), (b'Access-Control-Expose-Headers', b'X-Repo-Commit,X-Request-Id,X-Error-Code,X-Error-Message,X-Total-Count,ETag,Link,Accept-Ranges,Content-Range,X-Linked-Size,X-Linked-ETag,X-Xet-Hash'), (b'X-Repo-Commit', b'c9745ed1d9f207416be6d2e6f8de32d1f16199bf'), (b'Accept-Ranges', b'bytes'), (b'Content-Disposition', b'inline; filename*=UTF-8\'\'sentence_bert_config.json; filename="sentence_bert_config.json";'), (b'Content-Security-Policy', b"default-src 'none'; sandbox"), (b'Vary', b'Origin'), (b'X-Cache', b'Hit from cloudfront'), (b'Via', b'1.1 5ecd55f028d3424418cf823c48f98656.cloudfront.net (CloudFront)'), (b'X-Amz-Cf-Pop', b'BOM78-P10'), (b'X-Amz-Cf-Id', b'G-ycfmglMM7Pjx8nzTGBK849Bm21cIvEaQ1eU-d3pjyNApjNu2v7eA=='), (b'Age', b'2514456')])
[2026-01-29 20:08:50,007] INFO httpx: HTTP Request: HEAD https://huggingface.co/api/resolve-cache/models/sentence-transformers/all-MiniLM-L6-v2/c9745ed1d9f207416be6d2e6f8de32d1f16199bf/sentence_bert_config.json "HTTP/1.1 200 OK"
[2026-01-29 20:08:50,007] DEBUG httpcore.http11: receive_response_body.started request=<Request [b'HEAD']>
[2026-01-29 20:08:50,007] DEBUG httpcore.http11: receive_response_body.complete
[2026-01-29 20:08:50,007] DEBUG httpcore.http11: response_closed.started
[2026-01-29 20:08:50,007] DEBUG httpcore.http11: response_closed.complete
[2026-01-29 20:08:50,011] DEBUG httpcore.http11: send_request_headers.started request=<Request [b'HEAD']>
[2026-01-29 20:08:50,012] DEBUG httpcore.http11: send_request_headers.complete
[2026-01-29 20:08:50,012] DEBUG httpcore.http11: send_request_body.started request=<Request [b'HEAD']>
[2026-01-29 20:08:50,012] DEBUG httpcore.http11: send_request_body.complete
[2026-01-29 20:08:50,012] DEBUG httpcore.http11: receive_response_headers.started request=<Request [b'HEAD']>
[2026-01-29 20:08:50,234] DEBUG httpcore.http11: receive_response_headers.complete return_value=(b'HTTP/1.1', 404, b'Not Found', [(b'Content-Type', b'text/plain; charset=utf-8'), (b'Content-Length', b'15'), (b'Connection', b'keep-alive'), (b'Date', b'Thu, 29 Jan 2026 14:38:50 GMT'), (b'ETag', b'W/"f-mY2VvLxuxB7KhsoOdQTlMTccuAQ"'), (b'X-Powered-By', b'huggingface-moon'), (b'X-Request-Id', b'Root=1-697b70fa-7fb2082e228681d537992538;e5b5df87-5579-49a2-ae48-e387021a3de9'), (b'RateLimit', b'"resolvers";r=2993;t=177'), (b'RateLimit-Policy', b'"fixed window";"resolvers";q=3000;w=300'), (b'cross-origin-opener-policy', b'same-origin'), (b'Referrer-Policy', b'strict-origin-when-cross-origin'), (b'Access-Control-Max-Age', b'86400'), (b'Access-Control-Allow-Origin', b'https://huggingface.co'), (b'Vary', b'Origin'), (b'Access-Control-Expose-Headers', b'X-Repo-Commit,X-Request-Id,X-Error-Code,X-Error-Message,X-Total-Count,ETag,Link,Accept-Ranges,Content-Range,X-Linked-Size,X-Linked-ETag,X-Xet-Hash'), (b'X-Repo-Commit', b'c9745ed1d9f207416be6d2e6f8de32d1f16199bf'), (b'Accept-Ranges', b'bytes'), (b'X-Hub-Cache', b'MISS'), (b'X-Error-Code', b'EntryNotFound'), (b'X-Error-Message', b'Entry not found'), (b'X-Cache', b'Error from cloudfront'), (b'Via', b'1.1 5ecd55f028d3424418cf823c48f98656.cloudfront.net (CloudFront)'), (b'X-Amz-Cf-Pop', b'BOM78-P10'), (b'X-Amz-Cf-Id', b'oNPoVrrnLh8yKjGwm8JtRTs7JZ6LkFXt_yF8pQrmqs9e_mg7G5F-eQ==')])
[2026-01-29 20:08:50,235] INFO httpx: HTTP Request: HEAD https://huggingface.co/sentence-transformers/all-MiniLM-L6-v2/resolve/main/adapter_config.json "HTTP/1.1 404 Not Found"
[2026-01-29 20:08:50,235] DEBUG httpcore.http11: receive_response_body.started request=<Request [b'HEAD']>
[2026-01-29 20:08:50,235] DEBUG httpcore.http11: receive_response_body.complete
[2026-01-29 20:08:50,235] DEBUG httpcore.http11: response_closed.started
[2026-01-29 20:08:50,235] DEBUG httpcore.http11: response_closed.complete
[2026-01-29 20:08:50,239] DEBUG httpcore.http11: send_request_headers.started request=<Request [b'HEAD']>
[2026-01-29 20:08:50,239] DEBUG httpcore.http11: send_request_headers.complete
[2026-01-29 20:08:50,239] DEBUG httpcore.http11: send_request_body.started request=<Request [b'HEAD']>
[2026-01-29 20:08:50,239] DEBUG httpcore.http11: send_request_body.complete
[2026-01-29 20:08:50,240] DEBUG httpcore.http11: receive_response_headers.started request=<Request [b'HEAD']>
[2026-01-29 20:08:50,574] DEBUG httpcore.http11: receive_response_headers.complete return_value=(b'HTTP/1.1', 307, b'Temporary Redirect', [(b'Content-Type', b'text/plain; charset=utf-8'), (b'Content-Length', b'280'), (b'Connection', b'keep-alive'), (b'Date', b'Thu, 29 Jan 2026 14:38:50 GMT'), (b'Location', b'/api/resolve-cache/models/sentence-transformers/all-MiniLM-L6-v2/c9745ed1d9f207416be6d2e6f8de32d1f16199bf/config.json?%2Fsentence-transformers%2Fall-MiniLM-L6-v2%2Fresolve%2Fmain%2Fconfig.json=&etag=%2272b987fd805cfa2b58c4c8c952b274a11bfd5a00%22'), (b'X-Powered-By', b'huggingface-moon'), (b'X-Request-Id', b'Root=1-697b70fa-56fdfbdd69121aaf008afb9d;b8ccb254-1b46-41ff-8d12-29440a0090f5'), (b'RateLimit', b'"resolvers";r=2992;t=177'), (b'RateLimit-Policy', b'"fixed window";"resolvers";q=3000;w=300'), (b'cross-origin-opener-policy', b'same-origin'), (b'Referrer-Policy', b'strict-origin-when-cross-origin'), (b'Access-Control-Max-Age', b'86400'), (b'Access-Control-Allow-Origin', b'https://huggingface.co'), (b'Vary', b'Origin, Accept'), (b'Access-Control-Expose-Headers', b'X-Repo-Commit,X-Request-Id,X-Error-Code,X-Error-Message,X-Total-Count,ETag,Link,Accept-Ranges,Content-Range,X-Linked-Size,X-Linked-ETag,X-Xet-Hash'), (b'X-Repo-Commit', b'c9745ed1d9f207416be6d2e6f8de32d1f16199bf'), (b'Accept-Ranges', b'bytes'), (b'X-Hub-Cache', b'HIT'), (b'Content-Disposition', b'inline; filename*=UTF-8\'\'config.json; filename="config.json";'), (b'Content-Security-Policy', b"default-src 'none'; sandbox"), (b'X-Linked-ETag', b'"72b987fd805cfa2b58c4c8c952b274a11bfd5a00"'), (b'X-Cache', b'Miss from cloudfront'), (b'Via', b'1.1 5ecd55f028d3424418cf823c48f98656.cloudfront.net (CloudFront)'), (b'X-Amz-Cf-Pop', b'BOM78-P10'), (b'X-Amz-Cf-Id', b'aYcShClfNxFHRWDWov_gAoMM5x8IJtC-0P0Nnhu88ee1S3-rkkVErA==')])
[2026-01-29 20:08:50,574] INFO httpx: HTTP Request: HEAD https://huggingface.co/sentence-transformers/all-MiniLM-L6-v2/resolve/main/config.json "HTTP/1.1 307 Temporary Redirect"
[2026-01-29 20:08:50,575] DEBUG httpcore.http11: receive_response_body.started request=<Request [b'HEAD']>
[2026-01-29 20:08:50,576] DEBUG httpcore.http11: receive_response_body.complete
[2026-01-29 20:08:50,576] DEBUG httpcore.http11: response_closed.started
[2026-01-29 20:08:50,576] DEBUG httpcore.http11: response_closed.complete
[2026-01-29 20:08:50,577] DEBUG httpcore.http11: send_request_headers.started request=<Request [b'HEAD']>
[2026-01-29 20:08:50,577] DEBUG httpcore.http11: send_request_headers.complete
[2026-01-29 20:08:50,577] DEBUG httpcore.http11: send_request_body.started request=<Request [b'HEAD']>
[2026-01-29 20:08:50,578] DEBUG httpcore.http11: send_request_body.complete
[2026-01-29 20:08:50,578] DEBUG httpcore.http11: receive_response_headers.started request=<Request [b'HEAD']>
[2026-01-29 20:08:50,586] DEBUG httpcore.http11: receive_response_headers.complete return_value=(b'HTTP/1.1', 200, b'OK', [(b'Content-Type', b'text/plain; charset=utf-8'), (b'Content-Length', b'612'), (b'Connection', b'keep-alive'), (b'Date', b'Thu, 25 Dec 2025 03:41:42 GMT'), (b'ETag', b'"72b987fd805cfa2b58c4c8c952b274a11bfd5a00"'), (b'X-Powered-By', b'huggingface-moon'), (b'X-Request-Id', b'Root=1-694cb276-2d36b458585c01de4d471c6b;74882383-a556-49c8-8aea-0ccf7c9ec071'), (b'RateLimit', b'"resolvers";r=2984;t=298'), (b'RateLimit-Policy', b'"fixed window";"resolvers";q=3000;w=300'), (b'cross-origin-opener-policy', b'same-origin'), (b'Referrer-Policy', b'strict-origin-when-cross-origin'), (b'Access-Control-Max-Age', b'86400'), (b'Access-Control-Allow-Origin', b'https://huggingface.co'), (b'Access-Control-Expose-Headers', b'X-Repo-Commit,X-Request-Id,X-Error-Code,X-Error-Message,X-Total-Count,ETag,Link,Accept-Ranges,Content-Range,X-Linked-Size,X-Linked-ETag,X-Xet-Hash'), (b'X-Repo-Commit', b'c9745ed1d9f207416be6d2e6f8de32d1f16199bf'), (b'Accept-Ranges', b'bytes'), (b'X-Hub-Cache', b'HIT'), (b'Content-Disposition', b'inline; filename*=UTF-8\'\'config.json; filename="config.json";'), (b'Content-Security-Policy', b"default-src 'none'; sandbox"), (b'Vary', b'Origin'), (b'X-Cache', b'Hit from cloudfront'), (b'Via', b'1.1 5ecd55f028d3424418cf823c48f98656.cloudfront.net (CloudFront)'), (b'X-Amz-Cf-Pop', b'BOM78-P10'), (b'X-Amz-Cf-Id', b'cDEEnDIxT501Xv70TvwlPOj1krKyEXj_iSNeSAGGhPq4wmhUm2HUTg=='), (b'Age', b'3063428')])
[2026-01-29 20:08:50,587] INFO httpx: HTTP Request: HEAD https://huggingface.co/api/resolve-cache/models/sentence-transformers/all-MiniLM-L6-v2/c9745ed1d9f207416be6d2e6f8de32d1f16199bf/config.json "HTTP/1.1 200 OK"
[2026-01-29 20:08:50,588] DEBUG httpcore.http11: receive_response_body.started request=<Request [b'HEAD']>
[2026-01-29 20:08:50,588] DEBUG httpcore.http11: receive_response_body.complete
[2026-01-29 20:08:50,588] DEBUG httpcore.http11: response_closed.started
[2026-01-29 20:08:50,588] DEBUG httpcore.http11: response_closed.complete
[2026-01-29 20:08:50,923] DEBUG httpcore.http11: send_request_headers.started request=<Request [b'HEAD']>
[2026-01-29 20:08:50,923] DEBUG httpcore.http11: send_request_headers.complete
[2026-01-29 20:08:50,923] DEBUG httpcore.http11: send_request_body.started request=<Request [b'HEAD']>
[2026-01-29 20:08:50,923] DEBUG httpcore.http11: send_request_body.complete
[2026-01-29 20:08:50,923] DEBUG httpcore.http11: receive_response_headers.started request=<Request [b'HEAD']>
[2026-01-29 20:08:51,157] DEBUG httpcore.http11: receive_response_headers.complete return_value=(b'HTTP/1.1', 307, b'Temporary Redirect', [(b'Content-Type', b'text/plain; charset=utf-8'), (b'Content-Length', b'280'), (b'Connection', b'keep-alive'), (b'Date', b'Thu, 29 Jan 2026 14:38:51 GMT'), (b'Location', b'/api/resolve-cache/models/sentence-transformers/all-MiniLM-L6-v2/c9745ed1d9f207416be6d2e6f8de32d1f16199bf/config.json?%2Fsentence-transformers%2Fall-MiniLM-L6-v2%2Fresolve%2Fmain%2Fconfig.json=&etag=%2272b987fd805cfa2b58c4c8c952b274a11bfd5a00%22'), (b'X-Powered-By', b'huggingface-moon'), (b'X-Request-Id', b'Root=1-697b70fb-2800a33655d8275b73bc8439;e095815a-d30d-431b-b43c-b2325a9aa999'), (b'RateLimit', b'"resolvers";r=2991;t=176'), (b'RateLimit-Policy', b'"fixed window";"resolvers";q=3000;w=300'), (b'cross-origin-opener-policy', b'same-origin'), (b'Referrer-Policy', b'strict-origin-when-cross-origin'), (b'Access-Control-Max-Age', b'86400'), (b'Access-Control-Allow-Origin', b'https://huggingface.co'), (b'Vary', b'Origin, Accept'), (b'Access-Control-Expose-Headers', b'X-Repo-Commit,X-Request-Id,X-Error-Code,X-Error-Message,X-Total-Count,ETag,Link,Accept-Ranges,Content-Range,X-Linked-Size,X-Linked-ETag,X-Xet-Hash'), (b'X-Repo-Commit', b'c9745ed1d9f207416be6d2e6f8de32d1f16199bf'), (b'Accept-Ranges', b'bytes'), (b'X-Hub-Cache', b'HIT'), (b'Content-Disposition', b'inline; filename*=UTF-8\'\'config.json; filename="config.json";'), (b'Content-Security-Policy', b"default-src 'none'; sandbox"), (b'X-Linked-ETag', b'"72b987fd805cfa2b58c4c8c952b274a11bfd5a00"'), (b'X-Cache', b'Miss from cloudfront'), (b'Via', b'1.1 5ecd55f028d3424418cf823c48f98656.cloudfront.net (CloudFront)'), (b'X-Amz-Cf-Pop', b'BOM78-P10'), (b'X-Amz-Cf-Id', b'6S_MtH7whMXFh8wM4Lflj0oKykcZLDxxTJDgXc_m0Bjc4msxQg6_yA==')])
[2026-01-29 20:08:51,158] INFO httpx: HTTP Request: HEAD https://huggingface.co/sentence-transformers/all-MiniLM-L6-v2/resolve/main/config.json "HTTP/1.1 307 Temporary Redirect"
[2026-01-29 20:08:51,159] DEBUG httpcore.http11: receive_response_body.started request=<Request [b'HEAD']>
[2026-01-29 20:08:51,159] DEBUG httpcore.http11: receive_response_body.complete
[2026-01-29 20:08:51,159] DEBUG httpcore.http11: response_closed.started
[2026-01-29 20:08:51,159] DEBUG httpcore.http11: response_closed.complete
[2026-01-29 20:08:51,160] DEBUG httpcore.http11: send_request_headers.started request=<Request [b'HEAD']>
[2026-01-29 20:08:51,161] DEBUG httpcore.http11: send_request_headers.complete
[2026-01-29 20:08:51,161] DEBUG httpcore.http11: send_request_body.started request=<Request [b'HEAD']>
[2026-01-29 20:08:51,161] DEBUG httpcore.http11: send_request_body.complete
[2026-01-29 20:08:51,161] DEBUG httpcore.http11: receive_response_headers.started request=<Request [b'HEAD']>
[2026-01-29 20:08:51,170] DEBUG httpcore.http11: receive_response_headers.complete return_value=(b'HTTP/1.1', 200, b'OK', [(b'Content-Type', b'text/plain; charset=utf-8'), (b'Content-Length', b'612'), (b'Connection', b'keep-alive'), (b'Date', b'Wed, 25 Jun 2025 12:44:05 GMT'), (b'ETag', b'"72b987fd805cfa2b58c4c8c952b274a11bfd5a00"'), (b'X-Powered-By', b'huggingface-moon'), (b'cross-origin-opener-policy', b'same-origin'), (b'Referrer-Policy', b'strict-origin-when-cross-origin'), (b'X-Request-Id', b'Root=1-685bef15-44382a433931bf8172aeeb73;c01c1905-bd11-4637-bdee-ea355b36590c'), (b'Access-Control-Allow-Origin', b'https://huggingface.co'), (b'Access-Control-Expose-Headers', b'X-Repo-Commit,X-Request-Id,X-Error-Code,X-Error-Message,X-Total-Count,ETag,Link,Accept-Ranges,Content-Range,X-Linked-Size,X-Linked-ETag,X-Xet-Hash'), (b'X-Repo-Commit', b'c9745ed1d9f207416be6d2e6f8de32d1f16199bf'), (b'Accept-Ranges', b'bytes'), (b'X-Hub-Cache', b'HIT'), (b'Content-Disposition', b'inline; filename*=UTF-8\'\'config.json; filename="config.json";'), (b'Content-Security-Policy', b"default-src 'none'; sandbox"), (b'Vary', b'Origin'), (b'X-Cache', b'Hit from cloudfront'), (b'Via', b'1.1 5ecd55f028d3424418cf823c48f98656.cloudfront.net (CloudFront)'), (b'X-Amz-Cf-Pop', b'BOM78-P10'), (b'X-Amz-Cf-Id', b'FMeLUBAMT03cvn8-Q-4rGb4VNeb7XOXlRaa36M1hrR8AAT0LdcGEtg=='), (b'Age', b'18842085')])
[2026-01-29 20:08:51,171] INFO httpx: HTTP Request: HEAD https://huggingface.co/api/resolve-cache/models/sentence-transformers/all-MiniLM-L6-v2/c9745ed1d9f207416be6d2e6f8de32d1f16199bf/config.json "HTTP/1.1 200 OK"
[2026-01-29 20:08:51,171] DEBUG httpcore.http11: receive_response_body.started request=<Request [b'HEAD']>
[2026-01-29 20:08:51,171] DEBUG httpcore.http11: receive_response_body.complete
[2026-01-29 20:08:51,171] DEBUG httpcore.http11: response_closed.started
[2026-01-29 20:08:51,171] DEBUG httpcore.http11: response_closed.complete
[2026-01-29 20:08:51,175] DEBUG httpcore.http11: send_request_headers.started request=<Request [b'HEAD']>
[2026-01-29 20:08:51,176] DEBUG httpcore.http11: send_request_headers.complete
[2026-01-29 20:08:51,176] DEBUG httpcore.http11: send_request_body.started request=<Request [b'HEAD']>
[2026-01-29 20:08:51,176] DEBUG httpcore.http11: send_request_body.complete
[2026-01-29 20:08:51,176] DEBUG httpcore.http11: receive_response_headers.started request=<Request [b'HEAD']>
[2026-01-29 20:08:51,399] DEBUG httpcore.http11: receive_response_headers.complete return_value=(b'HTTP/1.1', 307, b'Temporary Redirect', [(b'Content-Type', b'text/plain; charset=utf-8'), (b'Content-Length', b'300'), (b'Connection', b'keep-alive'), (b'Date', b'Thu, 29 Jan 2026 14:38:51 GMT'), (b'Location', b'/api/resolve-cache/models/sentence-transformers/all-MiniLM-L6-v2/c9745ed1d9f207416be6d2e6f8de32d1f16199bf/tokenizer_config.json?%2Fsentence-transformers%2Fall-MiniLM-L6-v2%2Fresolve%2Fmain%2Ftokenizer_config.json=&etag=%22c79f2b6a0cea6f4b564fed1938984bace9d30ff0%22'), (b'X-Powered-By', b'huggingface-moon'), (b'X-Request-Id', b'Root=1-697b70fb-48df70df2dac84c558b7d7ff;04a68ae0-da95-4b84-a582-ecdb00ecf276'), (b'RateLimit', b'"resolvers";r=2990;t=176'), (b'RateLimit-Policy', b'"fixed window";"resolvers";q=3000;w=300'), (b'cross-origin-opener-policy', b'same-origin'), (b'Referrer-Policy', b'strict-origin-when-cross-origin'), (b'Access-Control-Max-Age', b'86400'), (b'Access-Control-Allow-Origin', b'https://huggingface.co'), (b'Vary', b'Origin, Accept'), (b'Access-Control-Expose-Headers', b'X-Repo-Commit,X-Request-Id,X-Error-Code,X-Error-Message,X-Total-Count,ETag,Link,Accept-Ranges,Content-Range,X-Linked-Size,X-Linked-ETag,X-Xet-Hash'), (b'X-Repo-Commit', b'c9745ed1d9f207416be6d2e6f8de32d1f16199bf'), (b'Accept-Ranges', b'bytes'), (b'X-Hub-Cache', b'HIT'), (b'Content-Disposition', b'inline; filename*=UTF-8\'\'tokenizer_config.json; filename="tokenizer_config.json";'), (b'Content-Security-Policy', b"default-src 'none'; sandbox"), (b'X-Linked-ETag', b'"c79f2b6a0cea6f4b564fed1938984bace9d30ff0"'), (b'X-Cache', b'Miss from cloudfront'), (b'Via', b'1.1 5ecd55f028d3424418cf823c48f98656.cloudfront.net (CloudFront)'), (b'X-Amz-Cf-Pop', b'BOM78-P10'), (b'X-Amz-Cf-Id', b'4GjlnWEtZXp4Uq-MeIrR4xxdwodE5Uwwlg6rjG7nFF7haeQEjMjCMA==')])
[2026-01-29 20:08:51,400] INFO httpx: HTTP Request: HEAD https://huggingface.co/sentence-transformers/all-MiniLM-L6-v2/resolve/main/tokenizer_config.json "HTTP/1.1 307 Temporary Redirect"
[2026-01-29 20:08:51,401] DEBUG httpcore.http11: receive_response_body.started request=<Request [b'HEAD']>
[2026-01-29 20:08:51,401] DEBUG httpcore.http11: receive_response_body.complete
[2026-01-29 20:08:51,401] DEBUG httpcore.http11: response_closed.started
[2026-01-29 20:08:51,402] DEBUG httpcore.http11: response_closed.complete
[2026-01-29 20:08:51,403] DEBUG httpcore.http11: send_request_headers.started request=<Request [b'HEAD']>
[2026-01-29 20:08:51,403] DEBUG httpcore.http11: send_request_headers.complete
[2026-01-29 20:08:51,403] DEBUG httpcore.http11: send_request_body.started request=<Request [b'HEAD']>
[2026-01-29 20:08:51,403] DEBUG httpcore.http11: send_request_body.complete
[2026-01-29 20:08:51,403] DEBUG httpcore.http11: receive_response_headers.started request=<Request [b'HEAD']>
[2026-01-29 20:08:51,414] DEBUG httpcore.http11: receive_response_headers.complete return_value=(b'HTTP/1.1', 200, b'OK', [(b'Content-Type', b'text/plain; charset=utf-8'), (b'Content-Length', b'350'), (b'Connection', b'keep-alive'), (b'Date', b'Wed, 17 Sep 2025 10:44:59 GMT'), (b'ETag', b'"c79f2b6a0cea6f4b564fed1938984bace9d30ff0"'), (b'X-Powered-By', b'huggingface-moon'), (b'RateLimit-Limit', b'5000'), (b'RateLimit-Remaining', b'4723'), (b'RateLimit-Reset', b'1'), (b'cross-origin-opener-policy', b'same-origin'), (b'Referrer-Policy', b'strict-origin-when-cross-origin'), (b'X-Request-Id', b'Root=1-68ca912b-288f60a2046783223e26f441;f8b79eff-b253-42fe-8724-1f206c22ac43'), (b'Access-Control-Max-Age', b'86400'), (b'Access-Control-Allow-Origin', b'https://huggingface.co'), (b'Access-Control-Expose-Headers', b'X-Repo-Commit,X-Request-Id,X-Error-Code,X-Error-Message,X-Total-Count,ETag,Link,Accept-Ranges,Content-Range,X-Linked-Size,X-Linked-ETag,X-Xet-Hash'), (b'X-Repo-Commit', b'c9745ed1d9f207416be6d2e6f8de32d1f16199bf'), (b'Accept-Ranges', b'bytes'), (b'Content-Disposition', b'inline; filename*=UTF-8\'\'tokenizer_config.json; filename="tokenizer_config.json";'), (b'Content-Security-Policy', b"default-src 'none'; sandbox"), (b'Vary', b'Origin'), (b'X-Cache', b'Hit from cloudfront'), (b'Via', b'1.1 5ecd55f028d3424418cf823c48f98656.cloudfront.net (CloudFront)'), (b'X-Amz-Cf-Pop', b'BOM78-P10'), (b'X-Amz-Cf-Id', b'qjXusonl7ZTolx4ybnEk-eEn8T2lEPIF-zyL4lDz6nuZJ9vt1gxisw=='), (b'Age', b'11591632')])
[2026-01-29 20:08:51,414] INFO httpx: HTTP Request: HEAD https://huggingface.co/api/resolve-cache/models/sentence-transformers/all-MiniLM-L6-v2/c9745ed1d9f207416be6d2e6f8de32d1f16199bf/tokenizer_config.json "HTTP/1.1 200 OK"
[2026-01-29 20:08:51,415] DEBUG httpcore.http11: receive_response_body.started request=<Request [b'HEAD']>
[2026-01-29 20:08:51,415] DEBUG httpcore.http11: receive_response_body.complete
[2026-01-29 20:08:51,415] DEBUG httpcore.http11: response_closed.started
[2026-01-29 20:08:51,415] DEBUG httpcore.http11: response_closed.complete
[2026-01-29 20:08:51,423] DEBUG httpcore.http11: send_request_headers.started request=<Request [b'GET']>
[2026-01-29 20:08:51,424] DEBUG httpcore.http11: send_request_headers.complete
[2026-01-29 20:08:51,424] DEBUG httpcore.http11: send_request_body.started request=<Request [b'GET']>
[2026-01-29 20:08:51,424] DEBUG httpcore.http11: send_request_body.complete
[2026-01-29 20:08:51,424] DEBUG httpcore.http11: receive_response_headers.started request=<Request [b'GET']>
[2026-01-29 20:08:51,644] DEBUG httpcore.http11: receive_response_headers.complete return_value=(b'HTTP/1.1', 404, b'Not Found', [(b'Content-Type', b'application/json; charset=utf-8'), (b'Content-Length', b'64'), (b'Connection', b'keep-alive'), (b'Date', b'Thu, 29 Jan 2026 14:38:51 GMT'), (b'ETag', b'W/"40-09f9IAqP13xarAhQxFS2W8rvRkM"'), (b'X-Powered-By', b'huggingface-moon'), (b'X-Request-Id', b'Root=1-697b70fb-701efebd601ab1e4467bccf6;5f8a829f-6995-452e-b0d6-60f479cb8237'), (b'RateLimit', b'"api";r=499;t=176'), (b'RateLimit-Policy', b'"fixed window";"api";q=500;w=300'), (b'cross-origin-opener-policy', b'same-origin'), (b'Referrer-Policy', b'strict-origin-when-cross-origin'), (b'Access-Control-Max-Age', b'86400'), (b'Access-Control-Allow-Origin', b'https://huggingface.co'), (b'Vary', b'Origin'), (b'Access-Control-Expose-Headers', b'X-Repo-Commit,X-Request-Id,X-Error-Code,X-Error-Message,X-Total-Count,ETag,Link,Accept-Ranges,Content-Range,X-Linked-Size,X-Linked-ETag,X-Xet-Hash'), (b'X-Error-Code', b'EntryNotFound'), (b'X-Error-Message', b'additional_chat_templates does not exist on "main"'), (b'X-Cache', b'Error from cloudfront'), (b'Via', b'1.1 5ecd55f028d3424418cf823c48f98656.cloudfront.net (CloudFront)'), (b'X-Amz-Cf-Pop', b'BOM78-P10'), (b'X-Amz-Cf-Id', b'c_D7kdK2a7gl3nW_8dzDS-qIp72EYXAzyAEv_-2Jz6NJtx4cN_FvXw==')])
[2026-01-29 20:08:51,645] INFO httpx: HTTP Request: GET https://huggingface.co/api/models/sentence-transformers/all-MiniLM-L6-v2/tree/main/additional_chat_templates?recursive=false&expand=false "HTTP/1.1 404 Not Found"
[2026-01-29 20:08:51,645] DEBUG httpcore.http11: receive_response_body.started request=<Request [b'GET']>
[2026-01-29 20:08:51,645] DEBUG httpcore.http11: receive_response_body.complete
[2026-01-29 20:08:51,646] DEBUG httpcore.http11: response_closed.started
[2026-01-29 20:08:51,646] DEBUG httpcore.http11: response_closed.complete
[2026-01-29 20:08:51,648] DEBUG httpcore.http11: send_request_headers.started request=<Request [b'GET']>
[2026-01-29 20:08:51,648] DEBUG httpcore.http11: send_request_headers.complete
[2026-01-29 20:08:51,648] DEBUG httpcore.http11: send_request_body.started request=<Request [b'GET']>
[2026-01-29 20:08:51,649] DEBUG httpcore.http11: send_request_body.complete
[2026-01-29 20:08:51,649] DEBUG httpcore.http11: receive_response_headers.started request=<Request [b'GET']>
[2026-01-29 20:08:51,887] DEBUG httpcore.http11: receive_response_headers.complete return_value=(b'HTTP/1.1', 200, b'OK', [(b'Content-Type', b'application/json; charset=utf-8'), (b'Content-Length', b'6465'), (b'Connection', b'keep-alive'), (b'Date', b'Thu, 29 Jan 2026 14:38:51 GMT'), (b'ETag', b'W/"1941-m0CqwCT0eLaAYulV6LKBoBypnns"'), (b'X-Powered-By', b'huggingface-moon'), (b'X-Request-Id', b'Root=1-697b70fb-15db365826f7d77664f5d774;9614d049-a203-4a79-903d-cbce1bbec99e'), (b'RateLimit', b'"api";r=498;t=176'), (b'RateLimit-Policy', b'"fixed window";"api";q=500;w=300'), (b'cross-origin-opener-policy', b'same-origin'), (b'Referrer-Policy', b'strict-origin-when-cross-origin'), (b'Access-Control-Max-Age', b'86400'), (b'Access-Control-Allow-Origin', b'https://huggingface.co'), (b'Vary', b'Origin'), (b'Access-Control-Expose-Headers', b'X-Repo-Commit,X-Request-Id,X-Error-Code,X-Error-Message,X-Total-Count,ETag,Link,Accept-Ranges,Content-Range,X-Linked-Size,X-Linked-ETag,X-Xet-Hash'), (b'X-Cache', b'Miss from cloudfront'), (b'Via', b'1.1 5ecd55f028d3424418cf823c48f98656.cloudfront.net (CloudFront)'), (b'X-Amz-Cf-Pop', b'BOM78-P10'), (b'X-Amz-Cf-Id', b'rntT49mgvx1Kmp7JCxoe7UNZNH_k0XWLhRvrq4mEKkVNjF2zcllxZg==')])
[2026-01-29 20:08:51,887] INFO httpx: HTTP Request: GET https://huggingface.co/api/models/sentence-transformers/all-MiniLM-L6-v2/tree/main?recursive=true&expand=false "HTTP/1.1 200 OK"
[2026-01-29 20:08:51,888] DEBUG httpcore.http11: receive_response_body.started request=<Request [b'GET']>
[2026-01-29 20:08:51,888] DEBUG httpcore.http11: receive_response_body.complete
[2026-01-29 20:08:51,888] DEBUG httpcore.http11: response_closed.started
[2026-01-29 20:08:51,888] DEBUG httpcore.http11: response_closed.complete
[2026-01-29 20:08:52,000] DEBUG httpcore.http11: send_request_headers.started request=<Request [b'HEAD']>
[2026-01-29 20:08:52,000] DEBUG httpcore.http11: send_request_headers.complete
[2026-01-29 20:08:52,000] DEBUG httpcore.http11: send_request_body.started request=<Request [b'HEAD']>
[2026-01-29 20:08:52,000] DEBUG httpcore.http11: send_request_body.complete
[2026-01-29 20:08:52,000] DEBUG httpcore.http11: receive_response_headers.started request=<Request [b'HEAD']>
[2026-01-29 20:08:52,314] DEBUG httpcore.http11: receive_response_headers.complete return_value=(b'HTTP/1.1', 307, b'Temporary Redirect', [(b'Content-Type', b'text/plain; charset=utf-8'), (b'Content-Length', b'304'), (b'Connection', b'keep-alive'), (b'Date', b'Thu, 29 Jan 2026 14:38:52 GMT'), (b'Location', b'/api/resolve-cache/models/sentence-transformers/all-MiniLM-L6-v2/c9745ed1d9f207416be6d2e6f8de32d1f16199bf/1_Pooling%2Fconfig.json?%2Fsentence-transformers%2Fall-MiniLM-L6-v2%2Fresolve%2Fmain%2F1_Pooling%2Fconfig.json=&etag=%22d1514c3162bbe87b343f565fadc62e6c06f04f03%22'), (b'X-Powered-By', b'huggingface-moon'), (b'X-Request-Id', b'Root=1-697b70fc-591fb046695a93937ccde2f2;223a6ff6-a54f-4c0a-89d7-f8fe27cb9f63'), (b'RateLimit', b'"resolvers";r=2989;t=175'), (b'RateLimit-Policy', b'"fixed window";"resolvers";q=3000;w=300'), (b'cross-origin-opener-policy', b'same-origin'), (b'Referrer-Policy', b'strict-origin-when-cross-origin'), (b'Access-Control-Max-Age', b'86400'), (b'Access-Control-Allow-Origin', b'https://huggingface.co'), (b'Vary', b'Origin, Accept'), (b'Access-Control-Expose-Headers', b'X-Repo-Commit,X-Request-Id,X-Error-Code,X-Error-Message,X-Total-Count,ETag,Link,Accept-Ranges,Content-Range,X-Linked-Size,X-Linked-ETag,X-Xet-Hash'), (b'X-Repo-Commit', b'c9745ed1d9f207416be6d2e6f8de32d1f16199bf'), (b'Accept-Ranges', b'bytes'), (b'X-HF-Warning', b'unauthenticated; Warning: You are sending unauthenticated requests to the HF Hub. Please set a HF_TOKEN to enable higher rate limits and faster downloads.'), (b'X-Hub-Cache', b'HIT'), (b'Content-Disposition', b'inline; filename*=UTF-8\'\'config.json; filename="config.json";'), (b'Content-Security-Policy', b"default-src 'none'; sandbox"), (b'X-Linked-ETag', b'"d1514c3162bbe87b343f565fadc62e6c06f04f03"'), (b'X-Cache', b'Miss from cloudfront'), (b'Via', b'1.1 5ecd55f028d3424418cf823c48f98656.cloudfront.net (CloudFront)'), (b'X-Amz-Cf-Pop', b'BOM78-P10'), (b'X-Amz-Cf-Id', b'H_IXSduyXJzgc1nC-MnzCV6Gt3B1m__N0AKp66UmsiRopi6lNN6mzw==')])
[2026-01-29 20:08:52,315] INFO httpx: HTTP Request: HEAD https://huggingface.co/sentence-transformers/all-MiniLM-L6-v2/resolve/main/1_Pooling/config.json "HTTP/1.1 307 Temporary Redirect"
[2026-01-29 20:08:52,316] DEBUG httpcore.http11: receive_response_body.started request=<Request [b'HEAD']>
[2026-01-29 20:08:52,316] DEBUG httpcore.http11: receive_response_body.complete
[2026-01-29 20:08:52,316] DEBUG httpcore.http11: response_closed.started
[2026-01-29 20:08:52,316] DEBUG httpcore.http11: response_closed.complete
[2026-01-29 20:08:52,317] DEBUG httpcore.http11: send_request_headers.started request=<Request [b'HEAD']>
[2026-01-29 20:08:52,318] DEBUG httpcore.http11: send_request_headers.complete
[2026-01-29 20:08:52,318] DEBUG httpcore.http11: send_request_body.started request=<Request [b'HEAD']>
[2026-01-29 20:08:52,318] DEBUG httpcore.http11: send_request_body.complete
[2026-01-29 20:08:52,318] DEBUG httpcore.http11: receive_response_headers.started request=<Request [b'HEAD']>
[2026-01-29 20:08:52,327] DEBUG httpcore.http11: receive_response_headers.complete return_value=(b'HTTP/1.1', 200, b'OK', [(b'Content-Type', b'text/plain; charset=utf-8'), (b'Content-Length', b'190'), (b'Connection', b'keep-alive'), (b'Date', b'Mon, 18 Aug 2025 04:37:11 GMT'), (b'ETag', b'"d1514c3162bbe87b343f565fadc62e6c06f04f03"'), (b'X-Powered-By', b'huggingface-moon'), (b'cross-origin-opener-policy', b'same-origin'), (b'Referrer-Policy', b'strict-origin-when-cross-origin'), (b'X-Request-Id', b'Root=1-68a2adf7-4d7e79097342d93a4134b829;2f881d9e-e68d-4662-b2f6-33a4aabad755'), (b'Access-Control-Allow-Origin', b'https://huggingface.co'), (b'Access-Control-Expose-Headers', b'X-Repo-Commit,X-Request-Id,X-Error-Code,X-Error-Message,X-Total-Count,ETag,Link,Accept-Ranges,Content-Range,X-Linked-Size,X-Linked-ETag,X-Xet-Hash'), (b'Set-Cookie', b'token=; Path=/; Expires=Thu, 01 Jan 1970 00:00:00 GMT; Secure; SameSite=None'), (b'Set-Cookie', b'token=; Domain=huggingface.co; Path=/; Expires=Thu, 01 Jan 1970 00:00:00 GMT; Secure; SameSite=Lax'), (b'X-Repo-Commit', b'c9745ed1d9f207416be6d2e6f8de32d1f16199bf'), (b'Accept-Ranges', b'bytes'), (b'Content-Disposition', b'inline; filename*=UTF-8\'\'config.json; filename="config.json";'), (b'Content-Security-Policy', b"default-src 'none'; sandbox"), (b'Vary', b'Origin'), (b'X-Cache', b'Hit from cloudfront'), (b'Via', b'1.1 5ecd55f028d3424418cf823c48f98656.cloudfront.net (CloudFront)'), (b'X-Amz-Cf-Pop', b'BOM78-P10'), (b'X-Amz-Cf-Id', b'MmXFxaZiCS1oZR94t3qkgb9tstkVMQMBk7Je2JhCI8NWAom-7ao7xQ=='), (b'Age', b'14205701')])
[2026-01-29 20:08:52,329] INFO httpx: HTTP Request: HEAD https://huggingface.co/api/resolve-cache/models/sentence-transformers/all-MiniLM-L6-v2/c9745ed1d9f207416be6d2e6f8de32d1f16199bf/1_Pooling%2Fconfig.json "HTTP/1.1 200 OK"
[2026-01-29 20:08:52,329] DEBUG httpcore.http11: receive_response_body.started request=<Request [b'HEAD']>
[2026-01-29 20:08:52,330] DEBUG httpcore.http11: receive_response_body.complete
[2026-01-29 20:08:52,330] DEBUG httpcore.http11: response_closed.started
[2026-01-29 20:08:52,330] DEBUG httpcore.http11: response_closed.complete
[2026-01-29 20:08:52,333] DEBUG httpcore.http11: send_request_headers.started request=<Request [b'GET']>
[2026-01-29 20:08:52,334] DEBUG httpcore.http11: send_request_headers.complete
[2026-01-29 20:08:52,334] DEBUG httpcore.http11: send_request_body.started request=<Request [b'GET']>
[2026-01-29 20:08:52,334] DEBUG httpcore.http11: send_request_body.complete
[2026-01-29 20:08:52,334] DEBUG httpcore.http11: receive_response_headers.started request=<Request [b'GET']>
[2026-01-29 20:08:52,552] DEBUG httpcore.http11: receive_response_headers.complete return_value=(b'HTTP/1.1', 200, b'OK', [(b'Content-Type', b'application/json; charset=utf-8'), (b'Content-Length', b'6960'), (b'Connection', b'keep-alive'), (b'Date', b'Thu, 29 Jan 2026 14:38:52 GMT'), (b'ETag', b'W/"1b30-zwg1bTE4fiIB7VtjEmPYb8FsFzc"'), (b'X-Powered-By', b'huggingface-moon'), (b'X-Request-Id', b'Root=1-697b70fc-5c906f73753bf82726fb7959;875a6c76-a935-4c04-8219-51e4004d66f9'), (b'RateLimit', b'"api";r=497;t=175'), (b'RateLimit-Policy', b'"fixed window";"api";q=500;w=300'), (b'cross-origin-opener-policy', b'same-origin'), (b'Referrer-Policy', b'strict-origin-when-cross-origin'), (b'Access-Control-Max-Age', b'86400'), (b'Access-Control-Allow-Origin', b'https://huggingface.co'), (b'Vary', b'Origin'), (b'Access-Control-Expose-Headers', b'X-Repo-Commit,X-Request-Id,X-Error-Code,X-Error-Message,X-Total-Count,ETag,Link,Accept-Ranges,Content-Range,X-Linked-Size,X-Linked-ETag,X-Xet-Hash'), (b'X-Cache', b'Miss from cloudfront'), (b'Via', b'1.1 5ecd55f028d3424418cf823c48f98656.cloudfront.net (CloudFront)'), (b'X-Amz-Cf-Pop', b'BOM78-P10'), (b'X-Amz-Cf-Id', b'73hMTdtSplHZvoVstp59qUN7RymRhZCHRX8iqAKGllXCVygl2vjElA==')])
[2026-01-29 20:08:52,553] INFO httpx: HTTP Request: GET https://huggingface.co/api/models/sentence-transformers/all-MiniLM-L6-v2 "HTTP/1.1 200 OK"
[2026-01-29 20:08:52,553] DEBUG httpcore.http11: receive_response_body.started request=<Request [b'GET']>
[2026-01-29 20:08:52,553] DEBUG httpcore.http11: receive_response_body.complete
[2026-01-29 20:08:52,553] DEBUG httpcore.http11: response_closed.started
[2026-01-29 20:08:52,554] DEBUG httpcore.http11: response_closed.complete
[2026-01-29 20:08:52,561] INFO core.ingestion: Ingesting Resume
